# JRE version: Java(TM) SE Runtime Environment (17.0.10+11) (build 17.0.10+11-LTS-240)
# Java VM: Java HotSpot(TM) 64-Bit Server VM (17.0.10+11-LTS-240, mixed mode, sharing, tiered, compressed oops, compressed class ptrs, g1 gc, windows-amd64)
GC Precious Log:
 CPUs: 8 total, 8 available
 Memory: 5966M
 Large Page Support: Disabled
 NUMA Support: Disabled
 Compressed Oops: Enabled (32-bit)
 Heap Region Size: 1M
 Heap Min Capacity: 8M
 Heap Initial Capacity: 94M
 Heap Max Capacity: 2G
 Pre-touch: Disabled
 Parallel Workers: 8
 Concurrent Workers: 2
 Concurrent Refinement Workers: 8
 Periodic GC: Disabled
Heap:
 garbage-first heap   total 291840K, used 190026K [0x0000000080000000, 0x0000000100000000)
  region size 1024K, 9 young (9216K), 7 survivors (7168K)
 Metaspace       used 110300K, committed 111488K, reserved 557056K
  class space    used 15330K, committed 15872K, reserved 425984K
GC Heap History (20 events):
Event: 39.724 GC heap before
{Heap before GC invocations=36 (full 0):
 garbage-first heap   total 242688K, used 191592K [0x0000000080000000, 0x0000000100000000)
  region size 1024K, 106 young (108544K), 13 survivors (13312K)
 Metaspace       used 93133K, committed 93952K, reserved 557056K
  class space    used 12992K, committed 13376K, reserved 425984K
}
Event: 39.735 GC heap after
{Heap after GC invocations=37 (full 0):
 garbage-first heap   total 242688K, used 100630K [0x0000000080000000, 0x0000000100000000)
  region size 1024K, 10 young (10240K), 10 survivors (10240K)
 Metaspace       used 93133K, committed 93952K, reserved 557056K
  class space    used 12992K, committed 13376K, reserved 425984K
}
Event: 43.404 GC heap before
{Heap before GC invocations=37 (full 0):
 garbage-first heap   total 242688K, used 199958K [0x0000000080000000, 0x0000000100000000)
  region size 1024K, 103 young (105472K), 10 survivors (10240K)
 Metaspace       used 97205K, committed 98112K, reserved 557056K
  class space    used 13539K, committed 13952K, reserved 425984K
}
Event: 43.454 GC heap after
{Heap after GC invocations=38 (full 0):
 garbage-first heap   total 242688K, used 121747K [0x0000000080000000, 0x0000000100000000)
  region size 1024K, 13 young (13312K), 13 survivors (13312K)
 Metaspace       used 97205K, committed 98112K, reserved 557056K
  class space    used 13539K, committed 13952K, reserved 425984K
}
Event: 45.416 GC heap before
{Heap before GC invocations=38 (full 0):
 garbage-first heap   total 242688K, used 194451K [0x0000000080000000, 0x0000000100000000)
  region size 1024K, 81 young (82944K), 13 survivors (13312K)
 Metaspace       used 99240K, committed 100352K, reserved 557056K
  class space    used 13829K, committed 14336K, reserved 425984K
}
Event: 45.458 GC heap after
{Heap after GC invocations=39 (full 0):
 garbage-first heap   total 242688K, used 136466K [0x0000000080000000, 0x0000000100000000)
  region size 1024K, 11 young (11264K), 11 survivors (11264K)
 Metaspace       used 99240K, committed 100352K, reserved 557056K
  class space    used 13829K, committed 14336K, reserved 425984K
}
Event: 46.277 GC heap before
{Heap before GC invocations=39 (full 0):
 garbage-first heap   total 242688K, used 193810K [0x0000000080000000, 0x0000000100000000)
  region size 1024K, 67 young (68608K), 11 survivors (11264K)
 Metaspace       used 102375K, committed 103424K, reserved 557056K
  class space    used 14278K, committed 14784K, reserved 425984K
}
Event: 46.287 GC heap after
{Heap after GC invocations=40 (full 0):
 garbage-first heap   total 242688K, used 140507K [0x0000000080000000, 0x0000000100000000)
  region size 1024K, 4 young (4096K), 4 survivors (4096K)
 Metaspace       used 102375K, committed 103424K, reserved 557056K
  class space    used 14278K, committed 14784K, reserved 425984K
}
Event: 46.987 GC heap before
{Heap before GC invocations=40 (full 0):
 garbage-first heap   total 242688K, used 196827K [0x0000000080000000, 0x0000000100000000)
  region size 1024K, 59 young (60416K), 4 survivors (4096K)
 Metaspace       used 104543K, committed 105600K, reserved 557056K
  class space    used 14558K, committed 15040K, reserved 425984K
}
Event: 46.994 GC heap after
{Heap after GC invocations=41 (full 0):
 garbage-first heap   total 242688K, used 145152K [0x0000000080000000, 0x0000000100000000)
  region size 1024K, 8 young (8192K), 8 survivors (8192K)
 Metaspace       used 104543K, committed 105600K, reserved 557056K
  class space    used 14558K, committed 15040K, reserved 425984K
}
Event: 47.374 GC heap before
{Heap before GC invocations=41 (full 0):
 garbage-first heap   total 242688K, used 199424K [0x0000000080000000, 0x0000000100000000)
  region size 1024K, 61 young (62464K), 8 survivors (8192K)
 Metaspace       used 104769K, committed 105792K, reserved 557056K
  class space    used 14580K, committed 15040K, reserved 425984K
}
Event: 47.387 GC heap after
{Heap after GC invocations=42 (full 0):
 garbage-first heap   total 242688K, used 154446K [0x0000000080000000, 0x0000000100000000)
  region size 1024K, 8 young (8192K), 8 survivors (8192K)
 Metaspace       used 104769K, committed 105792K, reserved 557056K
  class space    used 14580K, committed 15040K, reserved 425984K
}
Event: 48.373 GC heap before
{Heap before GC invocations=42 (full 0):
 garbage-first heap   total 242688K, used 199502K [0x0000000080000000, 0x0000000100000000)
  region size 1024K, 52 young (53248K), 8 survivors (8192K)
 Metaspace       used 105137K, committed 106176K, reserved 557056K
  class space    used 14623K, committed 15104K, reserved 425984K
}
Event: 48.392 GC heap after
{Heap after GC invocations=43 (full 0):
 garbage-first heap   total 242688K, used 162496K [0x0000000080000000, 0x0000000100000000)
  region size 1024K, 7 young (7168K), 7 survivors (7168K)
 Metaspace       used 105137K, committed 106176K, reserved 557056K
  class space    used 14623K, committed 15104K, reserved 425984K
}
Event: 49.808 GC heap before
{Heap before GC invocations=43 (full 0):
 garbage-first heap   total 242688K, used 201408K [0x0000000080000000, 0x0000000100000000)
  region size 1024K, 45 young (46080K), 7 survivors (7168K)
 Metaspace       used 105503K, committed 106624K, reserved 557056K
  class space    used 14657K, committed 15168K, reserved 425984K
}
Event: 49.823 GC heap after
{Heap after GC invocations=44 (full 0):
 garbage-first heap   total 242688K, used 172234K [0x0000000080000000, 0x0000000100000000)
  region size 1024K, 6 young (6144K), 6 survivors (6144K)
 Metaspace       used 105503K, committed 106624K, reserved 557056K
  class space    used 14657K, committed 15168K, reserved 425984K
}
Event: 50.269 GC heap before
{Heap before GC invocations=44 (full 0):
 garbage-first heap   total 242688K, used 202953K [0x0000000080000000, 0x0000000100000000)
  region size 1024K, 35 young (35840K), 6 survivors (6144K)
 Metaspace       used 105748K, committed 106944K, reserved 557056K
  class space    used 14687K, committed 15232K, reserved 425984K
}
Event: 50.286 GC heap after
{Heap after GC invocations=45 (full 0):
 garbage-first heap   total 242688K, used 180080K [0x0000000080000000, 0x0000000100000000)
  region size 1024K, 5 young (5120K), 5 survivors (5120K)
 Metaspace       used 105748K, committed 106944K, reserved 557056K
  class space    used 14687K, committed 15232K, reserved 425984K
}
Event: 51.558 GC heap before
{Heap before GC invocations=45 (full 0):
 garbage-first heap   total 242688K, used 204656K [0x0000000080000000, 0x0000000100000000)
  region size 1024K, 29 young (29696K), 5 survivors (5120K)
 Metaspace       used 107609K, committed 108736K, reserved 557056K
  class space    used 14990K, committed 15488K, reserved 425984K
}
Event: 51.696 GC heap after
{Heap after GC invocations=46 (full 0):
 garbage-first heap   total 291840K, used 182867K [0x0000000080000000, 0x0000000100000000)
  region size 1024K, 2 young (2048K), 2 survivors (2048K)
 Metaspace       used 107609K, committed 108736K, reserved 557056K
  class space    used 14990K, committed 15488K, reserved 425984K
}

